6/20/2022 11:46:57 AM	This log contains information about the import schema operation into project 'KrishBooking.SSDT' on computer 'PSL-SWD2' by user 'kmirpuri'.
6/20/2022 11:46:57 AM	Import of database schema has started.
6/20/2022 11:47:04 AM	Gathering database credentials
6/20/2022 11:47:04 AM	Gathering database options
6/20/2022 11:47:04 AM	Gathering generic database scoped configuration option
6/20/2022 11:47:04 AM	Gathering users
6/20/2022 11:47:04 AM	Gathering roles
6/20/2022 11:47:04 AM	Gathering application roles
6/20/2022 11:47:04 AM	Gathering role memberships
6/20/2022 11:47:04 AM	Gathering filegroups
6/20/2022 11:47:04 AM	Gathering full-text catalogs
6/20/2022 11:47:04 AM	Gathering assemblies
6/20/2022 11:47:04 AM	Gathering certificates
6/20/2022 11:47:04 AM	Gathering asymmetric keys
6/20/2022 11:47:04 AM	Gathering symmetric keys
6/20/2022 11:47:04 AM	Gathering encrypted symmetric keys
6/20/2022 11:47:04 AM	Gathering schemas
6/20/2022 11:47:04 AM	Gathering XML schema collections
6/20/2022 11:47:04 AM	Gathering user-defined data types
6/20/2022 11:47:04 AM	Gathering user-defined types
6/20/2022 11:47:04 AM	Gathering table types
6/20/2022 11:47:04 AM	Gathering unique keys for table types
6/20/2022 11:47:04 AM	Gathering primary keys for table types
6/20/2022 11:47:04 AM	Gathering indexes for table types
6/20/2022 11:47:04 AM	Gathering check constraints for table types
6/20/2022 11:47:04 AM	Gathering default constraints for table types
6/20/2022 11:47:04 AM	Gathering partition functions
6/20/2022 11:47:04 AM	Gathering partition schemes
6/20/2022 11:47:04 AM	Gathering functions
6/20/2022 11:47:04 AM	Gathering encrypted functions
6/20/2022 11:47:04 AM	Gathering aggregates
6/20/2022 11:47:04 AM	Gathering procedures
6/20/2022 11:47:04 AM	Gathering encrypted procedures
6/20/2022 11:47:04 AM	Gathering tables
6/20/2022 11:47:04 AM	Gathering primary keys
6/20/2022 11:47:04 AM	Gathering unique constraints
6/20/2022 11:47:04 AM	Gathering foreign keys
6/20/2022 11:47:04 AM	Gathering default constraints
6/20/2022 11:47:04 AM	Gathering check constraints
6/20/2022 11:47:04 AM	Gathering views
6/20/2022 11:47:04 AM	Gathering encrypted views
6/20/2022 11:47:04 AM	Gathering indexes
6/20/2022 11:47:04 AM	Gathering statistics
6/20/2022 11:47:04 AM	Gathering full-text index stoplists
6/20/2022 11:47:04 AM	Gathering search property lists
6/20/2022 11:47:04 AM	Gathering search properties
6/20/2022 11:47:04 AM	Gathering full-text indexes
6/20/2022 11:47:04 AM	Gathering column store indexes
6/20/2022 11:47:04 AM	Gathering spatial indexes
6/20/2022 11:47:04 AM	Gathering XML indexes
6/20/2022 11:47:04 AM	Gathering Selective XML indexes
6/20/2022 11:47:04 AM	Gathering encrypted triggers
6/20/2022 11:47:04 AM	Gathering triggers
6/20/2022 11:47:04 AM	Gathering encrypted and clr ddl triggers
6/20/2022 11:47:04 AM	Gathering ddl triggers
6/20/2022 11:47:04 AM	Gathering synonyms
6/20/2022 11:47:04 AM	Gathering defaults
6/20/2022 11:47:04 AM	Gathering data constraint uddt bindings
6/20/2022 11:47:04 AM	Gathering rules
6/20/2022 11:47:04 AM	Gathering data constraint uddt bindings
6/20/2022 11:47:04 AM	Gathering message types
6/20/2022 11:47:04 AM	Gathering queues
6/20/2022 11:47:04 AM	Gathering contracts
6/20/2022 11:47:04 AM	Gathering services
6/20/2022 11:47:04 AM	Gathering event notifications
6/20/2022 11:47:04 AM	Gathering remote service bindings
6/20/2022 11:47:04 AM	Gathering broker priorities
6/20/2022 11:47:04 AM	Gathering signatures
6/20/2022 11:47:04 AM	Gathering data compression options
6/20/2022 11:47:04 AM	Gathering sequence types
6/20/2022 11:47:04 AM	Gathering security policies
6/20/2022 11:47:04 AM	Gather column encryption keys
6/20/2022 11:47:04 AM	Gathering column master keys
6/20/2022 11:47:04 AM	Gathering external data sources
6/20/2022 11:47:04 AM	Gathering external file formats
6/20/2022 11:47:04 AM	Gathering external tables
6/20/2022 11:47:04 AM	Gathering extended properties
6/20/2022 11:47:04 AM	Gathering assemblies
6/20/2022 11:47:04 AM	Gathering credentials
6/20/2022 11:47:04 AM	Gathering logins
6/20/2022 11:47:04 AM	Gathering server audits
6/20/2022 11:47:05 AM	Scanning project for duplicate elements
6/20/2022 11:47:05 AM	Finished duplicate element processing
6/20/2022 11:47:05 AM	Finished importing database.
6/20/2022 11:47:05 AM	A summary of the import was saved to the following location: C:\Users\kmirpuri\palm-booking\KrishBooking.SSDT\Import Schema Logs\KrishBooking.SSDT_20220620114657.log
6/20/2022 11:47:05 AM	Click Finish to continue...
